[www.mairamansoor.com/index.html]
[backblue.gif]
[fade.gif]
[index.html]
[cdn.prod.website-files.com/652c8aa129f6f7d9d2c6fe2f/css/mairamansoor.webflow.4afed9bca.css]
[ajax.googleapis.com/ajax/libs/webfont/1.6.26/webfont.js]
[cdn.prod.website-files.com/652c8aa129f6f7d9d2c6fe2f/6544438e8aeaa588f4ae2cbd_favicon.png]
[cdn.prod.website-files.com/img/webclip.png]
[cdn.prod.website-files.com/652c8aa129f6f7d9d2c6fe2f/66591fdf8a23c68af36756de_creature.png]
[www.mairamansoor.com/projects/capstone-project.html]
[www.mairamansoor.com/projects/taxila4kids.html]
[www.mairamansoor.com/about-me.html]
[cdn.prod.website-files.com/652c8aa129f6f7d9d2c6fe2f/65433602e13d4d2e7be8c925_maira.jpg]
[cdn.prod.website-files.com/652c8aa129f6f7d9d2c6fe2f/665932fbe71a1dc2012a7653_ciscoulogo.png]
[cdn.prod.website-files.com/652c8aa129f6f7d9d2c6fe2f/677697c95838891843c02fc3_ciscotile2.png]
[cdn.prod.website-files.com/652c8aa129f6f7d9d2c6fe2f/66593361a86b22c4190e14c2_mmbllogo.jpg]
[cdn.prod.website-files.com/652c8aa129f6f7d9d2c6fe2f/665e4200101a210ec529e5b8_pplhubtile.png]
[cdn.prod.website-files.com/652c8aa129f6f7d9d2c6fe2f/6673ba51652c591cea8a3c6c_heart.png]
[cdn.prod.website-files.com/652c8aa129f6f7d9d2c6fe2f/6673b916c5d0c7494d8f2ec0_capstone-tile.png]
[cdn.prod.website-files.com/652c8aa129f6f7d9d2c6fe2f/66593555f718747a2db12226_urnlogo.png]
[cdn.prod.website-files.com/652c8aa129f6f7d9d2c6fe2f/665e4200751af8fe3ce40316_taxilatile.png]
[d3e54v103j8qbb.cloudfront.net/js/jquery-3.5.1.min.dc5e7f18c8c08c.js]
[www.mairamansoor.com/index.html]
[cdn.prod.website-files.com/652c8aa129f6f7d9d2c6fe2f/js/webflow.428d5143968e4d975501c99dfa61c275.js]
[cdn.prod.website-files.com/652c8aa129f6f7d9d2c6fe2f/652cc2b77568770d04af8dde_2.png]
[cdn.prod.website-files.com/652c8aa129f6f7d9d2c6fe2f/6544457055a07b8478c0ea97_linkedin.png]
[cdn.prod.website-files.com/652c8aa129f6f7d9d2c6fe2f/6659255cc9bd4c2b2a75fc0b_pplhubtile.png]
[cdn.prod.website-files.com/652c8aa129f6f7d9d2c6fe2f/css/mairamansoor.webflow.4afed9bca.css]
[cdn.prod.website-files.com/652c8aa129f6f7d9d2c6fe2f/6673b3213f29cec166c4e0c1_tile.png]
[cdn.prod.website-files.com/652c8aa129f6f7d9d2c6fe2f/665bf4a6b413b5d81d948841_memes.jpg]
[cdn.prod.website-files.com/652c8aa129f6f7d9d2c6fe2f/665e311efa5316b5fa7799f7_papers.jpg]
[cdn.prod.website-files.com/652c8aa129f6f7d9d2c6fe2f/665e3541e78e94339a61f97d_right-arrow 1.png]
[cdn.prod.website-files.com/652c8aa129f6f7d9d2c6fe2f/665e2f1b723011cc1e4a733c_media-types.jpg]
[cdn.prod.website-files.com/652c8aa129f6f7d9d2c6fe2f/665e354167597055a02bf766_left-arrow 1.png]
[cdn.prod.website-files.com/652c8aa129f6f7d9d2c6fe2f/665e303e15136b2f32ec653a_coding.jpg]
[cdn.prod.website-files.com/652c8aa129f6f7d9d2c6fe2f/665e2f886a1e628bcd16927d_probe.jpg]
[cdn.prod.website-files.com/652c8aa129f6f7d9d2c6fe2f/665bf77287eb629529ff84ea_thematic-analysis.png]
[cdn.prod.website-files.com/652c8aa129f6f7d9d2c6fe2f/665bf75281f2b4b6d88c4c04_analysis-diagram.png]
[cdn.prod.website-files.com/652c8aa129f6f7d9d2c6fe2f/665e1c8bbe8462e443bf1074_opportunities.png]
[cdn.prod.website-files.com/652c8aa129f6f7d9d2c6fe2f/6673a9583bc3b8daa9591fc5_search 1.png]
[cdn.prod.website-files.com/652c8aa129f6f7d9d2c6fe2f/6673a95991821757b3f38285_search 2-g.png]
[cdn.prod.website-files.com/652c8aa129f6f7d9d2c6fe2f/6673a79ea457871f3309efb1_relevant-vids1.png]
[cdn.prod.website-files.com/652c8aa129f6f7d9d2c6fe2f/6673a79f47198ec6cb9188e4_relevant-vids2.png]
[cdn.prod.website-files.com/652c8aa129f6f7d9d2c6fe2f/6673a79fb831c14e0fac8367_relevant-vids3.png]
[cdn.prod.website-files.com/652c8aa129f6f7d9d2c6fe2f/6673a958e7c0523e0049da4e_one-sided messaging.png]
[www.mairamansoor.com/projects/capstone-project.html]
[cdn.prod.website-files.com/652c8aa129f6f7d9d2c6fe2f/65433045501268a7a882324c_header.png]
[cdn.prod.website-files.com/652c8aa129f6f7d9d2c6fe2f/65403f8645938d732c85f698_museum1.jpg]
[cdn.prod.website-files.com/652c8aa129f6f7d9d2c6fe2f/65403f8682b1680397a9bbed_museum2.jpg]
[cdn.prod.website-files.com/652c8aa129f6f7d9d2c6fe2f/65403d6abf01b54ee09f80e1_design-process.jpg]
[cdn.prod.website-files.com/652c8aa129f6f7d9d2c6fe2f/654035c525b1c578cbf631aa_research.png]
[cdn.prod.website-files.com/652c8aa129f6f7d9d2c6fe2f/6540367f3ef0db0e172e8b8a_exploratory-ideation.png]
[cdn.prod.website-files.com/652c8aa129f6f7d9d2c6fe2f/65403818f0aa6f9a7df096d6_themeatic-sketching-1.png]
[cdn.prod.website-files.com/652c8aa129f6f7d9d2c6fe2f/65403818bb04eb06f521ef64_themeatic-sketching-2.png]
[cdn.prod.website-files.com/652c8aa129f6f7d9d2c6fe2f/65432ac712e66150397f50bd_ar-info.jpg]
[cdn.prod.website-files.com/652c8aa129f6f7d9d2c6fe2f/6540413c5072e969edff3d3b_scavenger-hunt.png]
[cdn.prod.website-files.com/652c8aa129f6f7d9d2c6fe2f/6540413c0fc359d985fa1116_podium.png]
[cdn.prod.website-files.com/652c8aa129f6f7d9d2c6fe2f/6540413c282d77cb08ae549f_crafts-room.png]
[cdn.prod.website-files.com/652c8aa129f6f7d9d2c6fe2f/6540413d0171f7aabc9f2d3b_immersion.png]
[cdn.prod.website-files.com/652c8aa129f6f7d9d2c6fe2f/65432d77f0739caa43344521_floorplan-1.jpg]
[cdn.prod.website-files.com/652c8aa129f6f7d9d2c6fe2f/65432d778d333cf3bccba592_floorplan-2.jpg]
[cdn.prod.website-files.com/652c8aa129f6f7d9d2c6fe2f/65432d77f63544f282918376_floorplan-final.jpg]
[www.mairamansoor.com/projects/taxila4kids.html]
[cdn.prod.website-files.com/652c8aa129f6f7d9d2c6fe2f/65b32cb103a9a2dd40581121_4.jpg]
[cdn.prod.website-files.com/652c8aa129f6f7d9d2c6fe2f/65b32cb128e756e56f2fe100_3.jpg]
[cdn.prod.website-files.com/652c8aa129f6f7d9d2c6fe2f/65b32f700a4b7a041788c82d_10.jpg]
[www.mairamansoor.com/about-me.html]
[www.mairamansoor.com/projects/cisco-u.html]
[www.mairamansoor.com/projects/mmbl.html]
